<?xml version="1.0" encoding="UTF-8"?>
<!-- Generated by org.testng.reporters.JUnitReportReporter -->
<testsuite hostname="QSPCOM101" failures="0" tests="1" name="ExtentReport.SampleReport" time="0.909" errors="0" timestamp="2024-07-29T10:52:19 IST" skipped="0">
  <testcase classname="ExtentReport.SampleReport" name="BasicReport" time="0.909"/>
</testsuite> <!-- ExtentReport.SampleReport -->
