<?xml version="1.0" encoding="UTF-8"?>
<!-- Generated by org.testng.reporters.JUnitReportReporter -->
<testsuite hostname="QSPCOM101" failures="0" tests="1" name="TestngBasic.ClickOnMutipleElement" time="8.762" errors="0" timestamp="2024-07-13T10:47:23 IST" skipped="0">
  <testcase classname="TestngBasic.ClickOnMutipleElement" name="elementtoClick" time="8.762"/>
</testsuite> <!-- TestngBasic.ClickOnMutipleElement -->
