<?xml version="1.0" encoding="UTF-8"?>
<!-- Generated by org.testng.reporters.JUnitReportReporter -->
<testsuite hostname="QSPCOM101" failures="0" tests="1" name="Basic.StartTestNg" time="3.563" errors="0" timestamp="2024-07-07T11:34:46 IST" skipped="0">
  <testcase classname="Basic.StartTestNg" name="launch" time="3.563"/>
</testsuite> <!-- Basic.StartTestNg -->
