<?xml version="1.0" encoding="UTF-8"?>
<!-- Generated by org.testng.reporters.JUnitReportReporter -->
<testsuite hostname="QSPCOM101" failures="0" tests="2" name="TestngBasic.ChronologicalAnnotation" time="0.018" errors="0" timestamp="2024-07-12T10:57:57 IST" skipped="0">
  <testcase classname="TestngBasic.ChronologicalAnnotation" name="testCase1" time="0.011"/>
  <testcase classname="TestngBasic.ChronologicalAnnotation" name="testCase2" time="0.007"/>
</testsuite> <!-- TestngBasic.ChronologicalAnnotation -->
