<?xml version="1.0" encoding="UTF-8"?>
<!-- Generated by org.testng.reporters.JUnitReportReporter -->
<testsuite hostname="QSPCOM101" failures="0" tests="1" name="PageObjectModel.LoginFunction" time="12.004" errors="0" timestamp="2024-07-17T13:18:37 IST" skipped="0">
  <testcase classname="PageObjectModel.LoginFunction" name="main" time="12.004"/>
</testsuite> <!-- PageObjectModel.LoginFunction -->
