<?xml version="1.0" encoding="UTF-8"?>
<!-- Generated by org.testng.reporters.JUnitReportReporter -->
<testsuite hostname="QSPCOM101" failures="0" tests="1" name="TestngBike.RoyalEnfield" time="8.979" errors="0" timestamp="2024-07-20T10:34:07 IST" skipped="0">
  <testcase classname="TestngBike.RoyalEnfield" name="royalBike" time="8.979">
    <system-out>
      <![CDATA[royalBike
onTestSuccess]]>
    </system-out>
  </testcase> <!-- royalBike -->
  <system-out>
    <![CDATA[onStart
nikeshoe
onTestSuccess
tvsBike
onTestSuccess
campusshoe
onTestSuccess
hondaBike
onTestSuccess
redtapeShoe
onTestSuccess
royalBike
onTestSuccess]]>
  </system-out>
</testsuite> <!-- TestngBike.RoyalEnfield -->
