<?xml version="1.0" encoding="UTF-8"?>
<!-- Generated by org.testng.reporters.JUnitReportReporter -->
<testsuite hostname="QSPCOM101" failures="0" tests="2" name="DataProvider.StoreData" time="13.658" errors="0" timestamp="2024-07-15T11:53:03 IST" skipped="0">
  <testcase classname="DataProvider.StoreData" name="reciver" time="5.768"/>
  <testcase classname="DataProvider.StoreData" name="reciver" time="7.890"/>
</testsuite> <!-- DataProvider.StoreData -->
