<?xml version="1.0" encoding="UTF-8"?>
<!-- Generated by org.testng.reporters.JUnitReportReporter -->
<testsuite hostname="QSPCOM101" failures="0" tests="1" name="ExtentReport.LoginFuntionWithCorrectCredential" time="17.338" errors="0" timestamp="2024-07-29T11:33:25 IST" skipped="0">
  <testcase classname="ExtentReport.LoginFuntionWithCorrectCredential" name="CorrectCredential" time="17.338"/>
</testsuite> <!-- ExtentReport.LoginFuntionWithCorrectCredential -->
