<?xml version="1.0" encoding="UTF-8"?>
<!-- Generated by org.testng.reporters.JUnitReportReporter -->
<testsuite hostname="QSPCOM101" failures="0" tests="1" name="TestngBike.Honda" time="8.340" errors="0" timestamp="2024-07-20T10:34:07 IST" skipped="0">
  <testcase classname="TestngBike.Honda" name="hondaBike" time="8.340">
    <system-out>
      <![CDATA[hondaBike
onTestSuccess]]>
    </system-out>
  </testcase> <!-- hondaBike -->
  <system-out>
    <![CDATA[onStart
nikeshoe
onTestSuccess
tvsBike
onTestSuccess
campusshoe
onTestSuccess
hondaBike
onTestSuccess
redtapeShoe
onTestSuccess
royalBike
onTestSuccess]]>
  </system-out>
</testsuite> <!-- TestngBike.Honda -->
