<?xml version="1.0" encoding="UTF-8"?>
<!-- Generated by org.testng.reporters.JUnitReportReporter -->
<testsuite hostname="QSPCOM101" failures="0" tests="1" name="TestngShoe.Campus" time="16.873" errors="0" timestamp="2024-07-20T10:34:07 IST" skipped="0">
  <testcase classname="TestngShoe.Campus" name="campusshoe" time="16.873">
    <system-out>
      <![CDATA[campusshoe
onTestSuccess]]>
    </system-out>
  </testcase> <!-- campusshoe -->
  <system-out>
    <![CDATA[onStart
nikeshoe
onTestSuccess
tvsBike
onTestSuccess
campusshoe
onTestSuccess
hondaBike
onTestSuccess
redtapeShoe
onTestSuccess
royalBike
onTestSuccess]]>
  </system-out>
</testsuite> <!-- TestngShoe.Campus -->
