<?xml version="1.0" encoding="UTF-8"?>
<!-- Generated by org.testng.reporters.JUnitReportReporter -->
<testsuite hostname="QSPCOM101" failures="0" tests="1" name="TestngBasic.Launch" time="0.015" errors="0" timestamp="2024-07-08T11:22:29 IST" skipped="0">
  <testcase classname="TestngBasic.Launch" name="main" time="0.015"/>
</testsuite> <!-- TestngBasic.Launch -->
