<?xml version="1.0" encoding="UTF-8"?>
<!-- Generated by org.testng.reporters.JUnitReportReporter -->
<testsuite hostname="QSPCOM101" failures="0" tests="1" name="Listeners1.NetworkFailure" time="12.217" errors="0" timestamp="2024-07-20T11:15:31 IST" skipped="0">
  <testcase classname="Listeners1.NetworkFailure" name="executeOneMoreTime" time="12.217"/>
</testsuite> <!-- Listeners1.NetworkFailure -->
