<?xml version="1.0" encoding="UTF-8"?>
<!-- Generated by org.testng.reporters.JUnitReportReporter -->
<testsuite hostname="QSPCOM101" failures="0" tests="1" name="Assertion.HardAssert" time="6.653" errors="0" timestamp="2024-07-16T13:30:18 IST" skipped="0">
  <testcase classname="Assertion.HardAssert" name="main" time="6.653">
    <system-out>
      <![CDATA[iam in dws homepage]]>
    </system-out>
  </testcase> <!-- main -->
  <system-out>
    <![CDATA[iam in dws homepage]]>
  </system-out>
</testsuite> <!-- Assertion.HardAssert -->
