<?xml version="1.0" encoding="UTF-8"?>
<!-- Generated by org.testng.reporters.JUnitReportReporter -->
<testsuite hostname="QSPCOM101" failures="0" tests="3" name="TestngBasic.MultipleTestCase" time="24.967" errors="0" timestamp="2024-07-11T10:33:06 IST" skipped="0">
  <testcase classname="TestngBasic.MultipleTestCase" name="rcb" time="7.149"/>
  <testcase classname="TestngBasic.MultipleTestCase" name="sdw" time="11.540"/>
  <testcase classname="TestngBasic.MultipleTestCase" name="csk" time="6.278"/>
</testsuite> <!-- TestngBasic.MultipleTestCase -->
